<?xml version="1.0" encoding="UTF-8"?>
<!-- Generated by org.testng.reporters.JUnitXMLReporter -->
<testsuite hostname="LAPTOP-44T5F1BL" ignored="0" name="testCase1" tests="2" failures="1" timestamp="2020-06-28T23:36:56 IST" time="10.165" errors="0">
  <testcase name="validLoginTest" time="1.809" classname="com.training.sanity.tests.LoginTests"/>
  <testcase name="catlogCheck" time="0.002" classname="com.training.sanity.tests.CatlogTest">
    <failure type="java.lang.NullPointerException">
      <![CDATA[java.lang.NullPointerException
at com.training.sanity.tests.CatlogTest.catlogCheck(CatlogTest.java:53)
at java.util.ArrayList.forEach(Unknown Source)
... Removed 27 stack frames]]>
    </failure>
  </testcase> <!-- catlogCheck -->
</testsuite> <!-- testCase1 -->
