<?xml version="1.0" encoding="UTF-8"?>
<!-- Generated by org.testng.reporters.JUnitXMLReporter -->
<testsuite hostname="LAPTOP-44T5F1BL" ignored="0" name="testCase1(failed)" tests="1" failures="1" timestamp="2020-06-28T23:37:14 IST" time="0.04" errors="0">
  <testcase name="catlogCheck" time="0.008" classname="com.training.sanity.tests.CatlogTest">
    <failure type="java.lang.NullPointerException">
      <![CDATA[java.lang.NullPointerException
at com.training.sanity.tests.CatlogTest.catlogCheck(CatlogTest.java:53)
at java.util.ArrayList.forEach(Unknown Source)
... Removed 27 stack frames]]>
    </failure>
  </testcase> <!-- catlogCheck -->
</testsuite> <!-- testCase1(failed) -->
