<?xml version="1.0" encoding="UTF-8"?>
<testng-results skipped="0" failed="0" ignored="0" total="1" passed="1">
  <reporter-output>
  </reporter-output>
  <suite name="Default suite" duration-ms="21440" started-at="2020-07-12T20:29:30 IST" finished-at="2020-07-12T20:29:51 IST">
    <groups>
    </groups>
    <test name="Default test" duration-ms="21440" started-at="2020-07-12T20:29:30 IST" finished-at="2020-07-12T20:29:51 IST">
      <class name="com.training.sanity.tests.C3_ErrorValidationExcel">
        <test-method status="PASS" signature="setUpBeforeClass()[pri:0, instance:com.training.sanity.tests.C3_ErrorValidationExcel@1f554b06]" name="setUpBeforeClass" is-config="true" duration-ms="11" started-at="2020-07-12T20:29:30 IST" finished-at="2020-07-12T20:29:30 IST">
          <reporter-output>
          </reporter-output>
        </test-method> <!-- setUpBeforeClass -->
        <test-method status="PASS" signature="setUp()[pri:0, instance:com.training.sanity.tests.C3_ErrorValidationExcel@1f554b06]" name="setUp" is-config="true" duration-ms="9574" started-at="2020-07-12T20:29:30 IST" finished-at="2020-07-12T20:29:40 IST">
          <reporter-output>
          </reporter-output>
        </test-method> <!-- setUp -->
        <test-method status="PASS" signature="validLoginTest(java.lang.String, java.lang.String, java.lang.String, java.lang.String, java.lang.String, java.lang.String, java.lang.String)[pri:0, instance:com.training.sanity.tests.C3_ErrorValidationExcel@1f554b06]" name="validLoginTest" duration-ms="9802" started-at="2020-07-12T20:29:40 IST" data-provider="excel-inputs" finished-at="2020-07-12T20:29:50 IST">
          <params>
            <param index="0">
              <value>
                <![CDATA[Sh]]>
              </value>
            </param>
            <param index="1">
              <value>
                <![CDATA[shirt]]>
              </value>
            </param>
            <param index="2">
              <value>
                <![CDATA[SHI-201]]>
              </value>
            </param>
            <param index="3">
              <value>
                <![CDATA[2000.0]]>
              </value>
            </param>
            <param index="4">
              <value>
                <![CDATA[5.0]]>
              </value>
            </param>
            <param index="5">
              <value>
                <![CDATA[800.0]]>
              </value>
            </param>
            <param index="6">
              <value>
                <![CDATA[20.0]]>
              </value>
            </param>
          </params>
          <reporter-output>
          </reporter-output>
        </test-method> <!-- validLoginTest -->
        <test-method status="PASS" signature="tearDown()[pri:0, instance:com.training.sanity.tests.C3_ErrorValidationExcel@1f554b06]" name="tearDown" is-config="true" duration-ms="1627" started-at="2020-07-12T20:29:50 IST" finished-at="2020-07-12T20:29:51 IST">
          <reporter-output>
          </reporter-output>
        </test-method> <!-- tearDown -->
      </class> <!-- com.training.sanity.tests.C3_ErrorValidationExcel -->
    </test> <!-- Default test -->
  </suite> <!-- Default suite -->
</testng-results>
